[INFO] 21:50:03:799 Kernel/(8673:8673): Log del Kernel iniciado
[ERROR] 21:50:03:818 Kernel/(8673:8673): No existe el archivo de configuracion en: kernel.config
[ERROR] 21:50:03:819 Kernel/(8673:8673): No se pudo levantar la configuracion del Kernel, abortando
[INFO] 22:26:12:543 Kernel/(9365:9365): Log del Kernel iniciado
[ERROR] 22:26:12:559 Kernel/(9365:9365): No existe el archivo de configuracion en: kernel.config
[ERROR] 22:26:12:574 Kernel/(9365:9365): No se pudo levantar la configuracion del Kernel, abortando
[INFO] 22:26:39:120 Kernel/(9381:9381): Log del Kernel iniciado
[INFO] 22:26:39:144 Kernel/(9381:9381): El archivo de configuracion existe
[INFO] 22:26:39:159 Kernel/(9381:9381): Abriendo el archivo de configuracion del Kernel
[ERROR] 22:26:39:167 Kernel/(9381:9381): No esta el IP_MEMORIA en el archivo de configuracion
[ERROR] 22:26:39:168 Kernel/(9381:9381): No se pudo levantar la configuracion del Kernel, abortando
[INFO] 22:26:52:391 Kernel/(9432:9432): Log del Kernel iniciado
[INFO] 22:26:52:409 Kernel/(9432:9432): El archivo de configuracion existe
[INFO] 22:26:52:415 Kernel/(9432:9432): Abriendo el archivo de configuracion del Kernel
[ERROR] 22:26:52:429 Kernel/(9432:9432): No esta el IP_MEMORIA en el archivo de configuracion
[ERROR] 22:26:52:431 Kernel/(9432:9432): No se pudo levantar la configuracion del Kernel, abortando
[INFO] 22:28:29:817 Kernel/(9504:9504): Log del Kernel iniciado
[INFO] 22:28:29:842 Kernel/(9504:9504): El archivo de configuracion existe
[INFO] 22:28:29:855 Kernel/(9504:9504): Abriendo el archivo de configuracion del Kernel
[INFO] 22:28:29:860 Kernel/(9504:9504): IP_MEMORIA del archivo de configuracion del Kernel recuperado: 192.168.1.2
[ERROR] 22:28:29:867 Kernel/(9504:9504): No esta el PUERTO_MEMORIA en el archivo de configuracion
[ERROR] 22:28:29:867 Kernel/(9504:9504): No se pudo levantar la configuracion del Kernel, abortando
[INFO] 22:29:40:516 Kernel/(9563:9563): Log del Kernel iniciado
[INFO] 22:29:40:531 Kernel/(9563:9563): El archivo de configuracion existe
[INFO] 22:29:40:534 Kernel/(9563:9563): Abriendo el archivo de configuracion del Kernel
[INFO] 22:29:40:540 Kernel/(9563:9563): IP_MEMORIA del archivo de configuracion del Kernel recuperado: 192.168.1.2
[INFO] 22:29:40:546 Kernel/(9563:9563): PUERTO_MEMORIA del archivo de configuracion del Kernel recuperado: 8001
[INFO] 22:29:40:555 Kernel/(9563:9563): Quantum del archivo de configuracion del Kernel recuperado: 4
[INFO] 22:29:40:555 Kernel/(9563:9563): Multiprocesamiento del archivo de configuracion del Kernel recuperado: 3
[INFO] 22:29:40:556 Kernel/(9563:9563): refresh metadata del archivo de configuracion del Kernel recuperado: 10000
[INFO] 22:29:40:556 Kernel/(9563:9563): retardo_ciclo del archivo de configuracion del Kernel recuperado: 5000
[INFO] 22:29:40:557 Kernel/(9563:9563): Configuracion del Kernel recuperada exitosamente
